Flutter crash report.
Please report a bug at https://github.com/flutter/flutter/issues.

## command

flutter run --machine --start-paused -d chrome --devtools-server-address http://127.0.0.1:9100/ --target /Users/mbam3-1/Documents/fashion_app/bodeco/frontend/lib/main.dart

## exception

HttpException: HttpException: Connection closed before full header was received, uri = http://localhost:59014/json

```
```

## flutter doctor

```
[!] Flutter (Channel stable, 3.24.2, on macOS 14.5 23F79 darwin-arm64, locale en-US)
    • Flutter version 3.24.2 on channel stable at /Users/mbam3-1/Documents/flutter
    ! Warning: `flutter` on your path resolves to /Users/mbam3-1/flutter/bin/flutter, which is not inside your current Flutter SDK checkout at /Users/mbam3-1/Documents/flutter. Consider adding /Users/mbam3-1/Documents/flutter/bin to the front of your path.
    ! Warning: `dart` on your path resolves to /Users/mbam3-1/flutter/bin/dart, which is not inside your current Flutter SDK checkout at /Users/mbam3-1/Documents/flutter. Consider adding /Users/mbam3-1/Documents/flutter/bin to the front of your path.
    • Upstream repository https://github.com/flutter/flutter.git
    • Framework revision 4cf269e36d (10 months ago), 2024-09-03 14:30:00 -0700
    • Engine revision a6bd3f1de1
    • Dart version 3.5.2
    • DevTools version 2.37.2
    • If those were intentional, you can disregard the above warnings; however it is recommended to use "git" directly to perform update checks and upgrades.

[✓] Android toolchain - develop for Android devices (Android SDK version 35.0.0)
    • Android SDK at /Users/mbam3-1/Library/Android/sdk
    • Platform android-35, build-tools 35.0.0
    • Java binary at: /Applications/Android Studio.app/Contents/jbr/Contents/Home/bin/java
    • Java version OpenJDK Runtime Environment (build 17.0.11+0-17.0.11b1207.24-11852314)
    • All Android licenses accepted.

[!] Xcode - develop for iOS and macOS (Xcode 15.4)
    • Xcode at /Applications/Xcode.app/Contents/Developer
    • Build 15F31d
    ✗ CocoaPods not installed.
        CocoaPods is a package manager for iOS or macOS platform code.
        Without CocoaPods, plugins will not work on iOS or macOS.
        For more info, see https://flutter.dev/to/platform-plugins
      For installation instructions, see https://guides.cocoapods.org/using/getting-started.html#installation

[✓] Chrome - develop for the web
    • Chrome at /Applications/Google Chrome.app/Contents/MacOS/Google Chrome

[✓] Android Studio (version 2024.1)
    • Android Studio at /Applications/Android Studio.app/Contents
    • Flutter plugin can be installed from:
      🔨 https://plugins.jetbrains.com/plugin/9212-flutter
    • Dart plugin can be installed from:
      🔨 https://plugins.jetbrains.com/plugin/6351-dart
    • Java version OpenJDK Runtime Environment (build 17.0.11+0-17.0.11b1207.24-11852314)

[✓] IntelliJ IDEA Ultimate Edition (version 2024.2.0.2)
    • IntelliJ at /Applications/IntelliJ IDEA.app
    • Flutter plugin can be installed from:
      🔨 https://plugins.jetbrains.com/plugin/9212-flutter
    • Dart plugin can be installed from:
      🔨 https://plugins.jetbrains.com/plugin/6351-dart

[✓] VS Code (version 1.101.2)
    • VS Code at /Applications/Visual Studio Code.app/Contents
    • Flutter extension version 3.114.0

[✓] Connected device (3 available)
    • macOS (desktop)                 • macos                 • darwin-arm64   • macOS 14.5 23F79 darwin-arm64
    • Mac Designed for iPad (desktop) • mac-designed-for-ipad • darwin         • macOS 14.5 23F79 darwin-arm64
    • Chrome (web)                    • chrome                • web-javascript • Google Chrome 138.0.7204.101

[✓] Network resources
    • All expected network resources are available.

! Doctor found issues in 2 categories.
```
